Log file open, 12/04/20 22:08:10
LogInit: Display: Running engine for game: Rewind
LogPlatformFile: Not using cached read wrapper
LogTaskGraph: Started task graph with 5 named threads and 23 total threads with 3 sets of task threads.
LogStats: Stats thread started at 37.844033
LogD3D11RHI: Loaded GFSDK_Aftermath_Lib.x64.dll
LogICUInternationalization: ICU TimeZone Detection - Raw Offset: -6:00, Platform Override: ''
LogPluginManager: Mounting plugin Paper2D
LogPluginManager: Mounting plugin AISupport
LogPluginManager: Mounting plugin LightPropagationVolume
LogPluginManager: Mounting plugin CameraShakePreviewer
LogPluginManager: Mounting plugin ActorLayerUtilities
LogPluginManager: Mounting plugin AnimationSharing
LogPluginManager: Mounting plugin CLionSourceCodeAccess
LogPluginManager: Mounting plugin CodeLiteSourceCodeAccess
LogPluginManager: Mounting plugin GitSourceControl
LogPluginManager: Mounting plugin KDevelopSourceCodeAccess
LogPluginManager: Mounting plugin NullSourceCodeAccess
LogPluginManager: Mounting plugin PerforceSourceControl
LogPluginManager: Mounting plugin PlasticSourceControl
LogPluginManager: Mounting plugin RiderSourceCodeAccess
LogPluginManager: Mounting plugin SubversionSourceControl
LogPluginManager: Mounting plugin UObjectPlugin
LogPluginManager: Mounting plugin VisualStudioCodeSourceCodeAccess
LogPluginManager: Mounting plugin VisualStudioSourceCodeAccess
LogPluginManager: Mounting plugin XCodeSourceCodeAccess
LogPluginManager: Mounting plugin AssetManagerEditor
LogPluginManager: Mounting plugin CryptoKeys
LogPluginManager: Mounting plugin CurveEditorTools
LogPluginManager: Mounting plugin DataValidation
LogPluginManager: Mounting plugin EditorScriptingUtilities
LogPluginManager: Mounting plugin FacialAnimation
LogPluginManager: Mounting plugin GameplayTagsEditor
LogPluginManager: Mounting plugin GeometryMode
LogPluginManager: Mounting plugin MacGraphicsSwitching
LogPluginManager: Mounting plugin MaterialAnalyzer
LogPluginManager: Mounting plugin MobileLauncherProfileWizard
LogPluginManager: Mounting plugin PluginBrowser
LogPluginManager: Mounting plugin SpeedTreeImporter
LogPluginManager: Mounting plugin DatasmithContent
LogPluginManager: Mounting plugin VariantManagerContent
LogPluginManager: Mounting plugin AlembicImporter
LogPluginManager: Mounting plugin AutomationUtils
LogPluginManager: Mounting plugin BackChannel
LogPluginManager: Mounting plugin ChaosCloth
LogPluginManager: Mounting plugin ChaosClothEditor
LogPluginManager: Mounting plugin ChaosEditor
LogPluginManager: Mounting plugin ChaosNiagara
LogPluginManager: Mounting plugin ChaosSolverPlugin
LogPluginManager: Mounting plugin CharacterAI
LogPluginManager: Mounting plugin GeometryCache
LogPluginManager: Mounting plugin GeometryCollectionPlugin
LogPluginManager: Mounting plugin GeometryProcessing
LogPluginManager: Mounting plugin PlanarCut
LogPluginManager: Mounting plugin PlatformCrypto
LogPluginManager: Mounting plugin ProxyLODPlugin
LogPluginManager: Mounting plugin PythonScriptPlugin
LogPluginManager: Mounting plugin SkeletalReduction
LogPluginManager: Mounting plugin Niagara
LogPluginManager: Mounting plugin MagicLeap
LogPluginManager: Mounting plugin MagicLeapLightEstimation
LogPluginManager: Mounting plugin MagicLeapMedia
LogPluginManager: Mounting plugin MagicLeapPassableWorld
LogPluginManager: Mounting plugin MLSDK
LogPluginManager: Mounting plugin AndroidMedia
LogPluginManager: Mounting plugin AvfMedia
LogPluginManager: Mounting plugin ImgMedia
LogPluginManager: Mounting plugin MediaCompositing
LogPluginManager: Mounting plugin MediaPlayerEditor
LogPluginManager: Mounting plugin WebMMedia
LogPluginManager: Mounting plugin WmfMedia
LogPluginManager: Mounting plugin MegascansPlugin
LogPluginManager: Mounting plugin MeshPainting
LogPluginManager: Mounting plugin TcpMessaging
LogPluginManager: Mounting plugin UdpMessaging
LogPluginManager: Mounting plugin ActorSequence
LogPluginManager: Mounting plugin LevelSequenceEditor
LogPluginManager: Mounting plugin MatineeToLevelSequence
LogPluginManager: Mounting plugin MovieRenderPipeline
LogPluginManager: Mounting plugin TemplateSequence
LogPluginManager: Mounting plugin NetcodeUnitTest
LogPluginManager: Mounting plugin NUTUnrealEngine4
LogPluginManager: Mounting plugin OnlineSubsystemGooglePlay
LogPluginManager: Mounting plugin OnlineSubsystemIOS
LogPluginManager: Mounting plugin OnlineSubsystem
LogPluginManager: Mounting plugin OnlineSubsystemNull
LogPluginManager: Mounting plugin OnlineSubsystemUtils
LogPluginManager: Mounting plugin LauncherChunkInstaller
LogPluginManager: Mounting plugin AndroidDeviceProfileSelector
LogPluginManager: Mounting plugin AndroidMoviePlayer
LogPluginManager: Mounting plugin AndroidPermission
LogPluginManager: Mounting plugin AppleImageUtils
LogPluginManager: Mounting plugin AppleMoviePlayer
LogPluginManager: Mounting plugin ArchVisCharacter
LogPluginManager: Mounting plugin AssetTags
LogPluginManager: Mounting plugin AudioCapture
LogPluginManager: Mounting plugin CableComponent
LogPluginManager: Mounting plugin CustomMeshComponent
LogPluginManager: Mounting plugin DatabaseSupport
LogPluginManager: Mounting plugin SQLiteCore
LogPluginManager: Mounting plugin SQLiteSupport
LogPluginManager: Mounting plugin EditableMesh
LogPluginManager: Mounting plugin ExampleDeviceProfileSelector
LogPluginManager: Mounting plugin GoogleCloudMessaging
LogPluginManager: Mounting plugin GooglePAD
LogPluginManager: Mounting plugin IOSDeviceProfileSelector
LogPluginManager: Mounting plugin LinuxDeviceProfileSelector
LogPluginManager: Mounting plugin LocationServicesBPLibrary
LogPluginManager: Mounting plugin MobilePatchingUtils
LogPluginManager: Mounting plugin OculusVR
LogPluginManager: Mounting plugin PhysXVehicles
LogPluginManager: Mounting plugin PostSplashScreen
LogPluginManager: Mounting plugin ProceduralMeshComponent
LogPluginManager: Mounting plugin RuntimePhysXCooking
LogPluginManager: Mounting plugin SignificanceManager
LogPluginManager: Mounting plugin SoundFields
LogPluginManager: Mounting plugin SteamVR
LogPluginManager: Mounting plugin Synthesis
LogPluginManager: Mounting plugin WebMMoviePlayer
LogPluginManager: Mounting plugin WindowsMoviePlayer
LogPluginManager: Mounting plugin ScreenshotTools
LogInit: Using libcurl 7.55.1-DEV
LogInit:  - built for x86_64-pc-win32
LogInit:  - supports SSL with OpenSSL/1.1.1
LogInit:  - supports HTTP deflate (compression) using libz 1.2.8
LogInit:  - other features:
LogInit:      CURL_VERSION_SSL
LogInit:      CURL_VERSION_LIBZ
LogInit:      CURL_VERSION_IPV6
LogInit:      CURL_VERSION_ASYNCHDNS
LogInit:      CURL_VERSION_LARGEFILE
LogInit:      CURL_VERSION_IDN
LogInit:  CurlRequestOptions (configurable via config and command line):
LogInit:  - bVerifyPeer = true  - Libcurl will verify peer certificate
LogInit:  - bUseHttpProxy = false  - Libcurl will NOT use HTTP proxy
LogInit:  - bDontReuseConnections = false  - Libcurl will reuse connections
LogInit:  - MaxHostConnections = 16  - Libcurl will limit the number of connections to a host
LogInit:  - LocalHostAddr = Default
LogInit:  - BufferSize = 65536
LogOnline: OSS: Creating online subsystem instance for: NULL
LogInit: WinSock: version 1.1 (2.2), MaxSocks=32767, MaxUdp=65467
LogOnline: OSS: TryLoadSubsystemAndSetDefault: Loaded subsystem for module [NULL]
LogInit: Build: ++UE4+Release-4.25-CL-14469661
LogInit: Engine Version: 4.25.4-14469661+++UE4+Release-4.25
LogInit: Compatible Engine Version: 4.25.0-13144385+++UE4+Release-4.25
LogInit: Net CL: 13144385
LogInit: OS: Windows 10 (Release 1909) (), CPU: AMD FX(tm)-8300 Eight-Core Processor           , GPU: Radeon(TM) RX 460 Graphics
LogInit: Compiled (64-bit): Oct 11 2020 08:10:49
LogInit: Compiled with Visual C++: 19.24.28315.00
LogInit: Build Configuration: Development
LogInit: Branch Name: ++UE4+Release-4.25
LogInit: Command Line: 
LogInit: Base Directory: C:/Program Files/Epic Games/UE_4.25/Engine/Binaries/Win64/
LogInit: Allocator: TBB
LogInit: Installed Engine Build: 1
LogDevObjectVersion: Number of dev versions registered: 26
LogDevObjectVersion:   Dev-Blueprints (B0D832E4-1F89-4F0D-ACCF-7EB736FD4AA2): 10
LogDevObjectVersion:   Dev-Build (E1C64328-A22C-4D53-A36C-8E866417BD8C): 0
LogDevObjectVersion:   Dev-Core (375EC13C-06E4-48FB-B500-84F0262A717E): 4
LogDevObjectVersion:   Dev-Editor (E4B068ED-F494-42E9-A231-DA0B2E46BB41): 38
LogDevObjectVersion:   Dev-Framework (CFFC743F-43B0-4480-9391-14DF171D2073): 37
LogDevObjectVersion:   Dev-Mobile (B02B49B5-BB20-44E9-A304-32B752E40360): 2
LogDevObjectVersion:   Dev-Networking (A4E4105C-59A1-49B5-A7C5-40C4547EDFEE): 0
LogDevObjectVersion:   Dev-Online (39C831C9-5AE6-47DC-9A44-9C173E1C8E7C): 0
LogDevObjectVersion:   Dev-Physics (78F01B33-EBEA-4F98-B9B4-84EACCB95AA2): 4
LogDevObjectVersion:   Dev-Platform (6631380F-2D4D-43E0-8009-CF276956A95A): 0
LogDevObjectVersion:   Dev-Rendering (12F88B9F-8875-4AFC-A67C-D90C383ABD29): 43
LogDevObjectVersion:   Dev-Sequencer (7B5AE74C-D270-4C10-A958-57980B212A5A): 12
LogDevObjectVersion:   Dev-VR (D7296918-1DD6-4BDD-9DE2-64A83CC13884): 3
LogDevObjectVersion:   Dev-LoadTimes (C2A15278-BFE7-4AFE-6C17-90FF531DF755): 1
LogDevObjectVersion:   Private-Geometry (6EACA3D4-40EC-4CC1-B786-8BED09428FC5): 3
LogDevObjectVersion:   Dev-AnimPhys (29E575DD-E0A3-4627-9D10-D276232CDCEA): 17
LogDevObjectVersion:   Dev-Anim (AF43A65D-7FD3-4947-9873-3E8ED9C1BB05): 7
LogDevObjectVersion:   Dev-ReflectionCapture (6B266CEC-1EC7-4B8F-A30B-E4D90942FC07): 1
LogDevObjectVersion:   Dev-Automation (0DF73D61-A23F-47EA-B727-89E90C41499A): 1
LogDevObjectVersion:   FortniteMain (601D1886-AC64-4F84-AA16-D3DE0DEAC7D6): 31
LogDevObjectVersion:   Dev-Enterprise (9DFFBCD6-494F-0158-E221-12823C92A888): 10
LogDevObjectVersion:   Dev-Niagara (F2AED0AC-9AFE-416F-8664-AA7FFA26D6FC): 1
LogDevObjectVersion:   Dev-Destruction (174F1F0B-B4C6-45A5-B13F-2EE8D0FB917D): 10
LogDevObjectVersion:   Dev-Physics-Ext (35F94A83-E258-406C-A318-09F59610247C): 37
LogDevObjectVersion:   Dev-PhysicsMaterial-Chaos (B68FC16E-8B1B-42E2-B453-215C058844FE): 1
LogDevObjectVersion:   Dev-CineCamera (B2E18506-4273-CFC2-A54E-F4BB758BBA07): 1
LogInit: Presizing for max 25165824 objects, including 0 objects not considered by GC, pre-allocating 0 bytes for permanent pool.
LogConfig: Applying CVar settings from Section [/Script/Engine.StreamingSettings] File [C:/Users/Particular/Documents/Unreal Projects/Rewind/Saved/Config/Windows/Engine.ini]
LogConfig: Setting CVar [[s.MinBulkDataSizeForAsyncLoading:131072]]
LogConfig: Setting CVar [[s.AsyncLoadingThreadEnabled:0]]
LogConfig: Setting CVar [[s.EventDrivenLoaderEnabled:1]]
LogConfig: Setting CVar [[s.WarnIfTimeLimitExceeded:0]]
LogConfig: Setting CVar [[s.TimeLimitExceededMultiplier:1.5]]
LogConfig: Setting CVar [[s.TimeLimitExceededMinTime:0.005]]
LogConfig: Setting CVar [[s.UseBackgroundLevelStreaming:1]]
LogConfig: Setting CVar [[s.PriorityAsyncLoadingExtraTime:15.0]]
LogConfig: Setting CVar [[s.LevelStreamingActorsUpdateTimeLimit:5.0]]
LogConfig: Setting CVar [[s.PriorityLevelStreamingActorsUpdateExtraTime:5.0]]
LogConfig: Setting CVar [[s.LevelStreamingComponentsRegistrationGranularity:10]]
LogConfig: Setting CVar [[s.UnregisterComponentsTimeLimit:1.0]]
LogConfig: Setting CVar [[s.LevelStreamingComponentsUnregistrationGranularity:5]]
LogConfig: Setting CVar [[s.FlushStreamingOnExit:1]]
LogInit: Object subsystem initialized
LogConfig: Setting CVar [[con.DebugEarlyDefault:1]]
LogConfig: Setting CVar [[r.setres:1280x720]]
[2020.12.05-04.09.07:589][  0]LogConfig: Setting CVar [[r.VSync:0]]
[2020.12.05-04.09.07:589][  0]LogConfig: Setting CVar [[r.RHICmdBypass:0]]
[2020.12.05-04.09.07:603][  0]LogConfig: Applying CVar settings from Section [/Script/Engine.RendererSettings] File [C:/Users/Particular/Documents/Unreal Projects/Rewind/Saved/Config/Windows/Engine.ini]
[2020.12.05-04.09.07:603][  0]LogConfig: Setting CVar [[r.GPUCrashDebugging:0]]
[2020.12.05-04.09.07:603][  0]LogConfig: Applying CVar settings from Section [/Script/Engine.RendererOverrideSettings] File [C:/Users/Particular/Documents/Unreal Projects/Rewind/Saved/Config/Windows/Engine.ini]
[2020.12.05-04.09.07:604][  0]LogConfig: Applying CVar settings from Section [/Script/Engine.StreamingSettings] File [C:/Users/Particular/Documents/Unreal Projects/Rewind/Saved/Config/Windows/Engine.ini]
[2020.12.05-04.09.07:604][  0]LogConfig: Setting CVar [[s.MinBulkDataSizeForAsyncLoading:131072]]
[2020.12.05-04.09.07:604][  0]LogConfig: Setting CVar [[s.AsyncLoadingThreadEnabled:0]]
[2020.12.05-04.09.07:604][  0]LogConfig: Setting CVar [[s.EventDrivenLoaderEnabled:1]]
[2020.12.05-04.09.07:604][  0]LogConfig: Setting CVar [[s.WarnIfTimeLimitExceeded:0]]
[2020.12.05-04.09.07:604][  0]LogConfig: Setting CVar [[s.TimeLimitExceededMultiplier:1.5]]
[2020.12.05-04.09.07:604][  0]LogConfig: Setting CVar [[s.TimeLimitExceededMinTime:0.005]]
[2020.12.05-04.09.07:604][  0]LogConfig: Setting CVar [[s.UseBackgroundLevelStreaming:1]]
[2020.12.05-04.09.07:604][  0]LogConfig: Setting CVar [[s.PriorityAsyncLoadingExtraTime:15.0]]
[2020.12.05-04.09.07:604][  0]LogConfig: Setting CVar [[s.LevelStreamingActorsUpdateTimeLimit:5.0]]
[2020.12.05-04.09.07:604][  0]LogConfig: Setting CVar [[s.PriorityLevelStreamingActorsUpdateExtraTime:5.0]]
[2020.12.05-04.09.07:604][  0]LogConfig: Setting CVar [[s.LevelStreamingComponentsRegistrationGranularity:10]]
[2020.12.05-04.09.07:604][  0]LogConfig: Setting CVar [[s.UnregisterComponentsTimeLimit:1.0]]
[2020.12.05-04.09.07:604][  0]LogConfig: Setting CVar [[s.LevelStreamingComponentsUnregistrationGranularity:5]]
[2020.12.05-04.09.07:604][  0]LogConfig: Setting CVar [[s.FlushStreamingOnExit:1]]
[2020.12.05-04.09.07:604][  0]LogConfig: Applying CVar settings from Section [/Script/Engine.GarbageCollectionSettings] File [C:/Users/Particular/Documents/Unreal Projects/Rewind/Saved/Config/Windows/Engine.ini]
[2020.12.05-04.09.07:604][  0]LogConfig: Setting CVar [[gc.MaxObjectsNotConsideredByGC:1]]
[2020.12.05-04.09.07:604][  0]LogConfig: Setting CVar [[gc.SizeOfPermanentObjectPool:0]]
[2020.12.05-04.09.07:604][  0]LogConfig: Setting CVar [[gc.FlushStreamingOnGC:0]]
[2020.12.05-04.09.07:604][  0]LogConfig: Setting CVar [[gc.NumRetriesBeforeForcingGC:10]]
[2020.12.05-04.09.07:604][  0]LogConfig: Setting CVar [[gc.AllowParallelGC:1]]
[2020.12.05-04.09.07:604][  0]LogConfig: Setting CVar [[gc.TimeBetweenPurgingPendingKillObjects:61.1]]
[2020.12.05-04.09.07:604][  0]LogConfig: Setting CVar [[gc.MaxObjectsInEditor:25165824]]
[2020.12.05-04.09.07:604][  0]LogConfig: Setting CVar [[gc.IncrementalBeginDestroyEnabled:1]]
[2020.12.05-04.09.07:604][  0]LogConfig: Setting CVar [[gc.CreateGCClusters:1]]
[2020.12.05-04.09.07:604][  0]LogConfig: Setting CVar [[gc.MinGCClusterSize:5]]
[2020.12.05-04.09.07:604][  0]LogConfig: Setting CVar [[gc.ActorClusteringEnabled:0]]
[2020.12.05-04.09.07:604][  0]LogConfig: Setting CVar [[gc.BlueprintClusteringEnabled:0]]
[2020.12.05-04.09.07:604][  0]LogConfig: Setting CVar [[gc.UseDisregardForGCOnDedicatedServers:0]]
[2020.12.05-04.09.07:605][  0]LogConfig: Applying CVar settings from Section [/Script/Engine.NetworkSettings] File [C:/Users/Particular/Documents/Unreal Projects/Rewind/Saved/Config/Windows/Engine.ini]
[2020.12.05-04.09.07:605][  0]LogConfig: Applying CVar settings from Section [/Script/UnrealEd.CookerSettings] File [C:/Users/Particular/Documents/Unreal Projects/Rewind/Saved/Config/Windows/Engine.ini]
[2020.12.05-04.09.07:818][  0]LogConfig: Applying CVar settings from Section [ViewDistanceQuality@3] File [C:/Users/Particular/Documents/Unreal Projects/Rewind/Saved/Config/Windows/Scalability.ini]
[2020.12.05-04.09.07:818][  0]LogConfig: Setting CVar [[r.SkeletalMeshLODBias:0]]
[2020.12.05-04.09.07:818][  0]LogConfig: Setting CVar [[r.ViewDistanceScale:1.0]]
[2020.12.05-04.09.07:818][  0]LogConfig: Applying CVar settings from Section [AntiAliasingQuality@3] File [C:/Users/Particular/Documents/Unreal Projects/Rewind/Saved/Config/Windows/Scalability.ini]
[2020.12.05-04.09.07:818][  0]LogConfig: Setting CVar [[r.PostProcessAAQuality:4]]
[2020.12.05-04.09.07:818][  0]LogConfig: Applying CVar settings from Section [ShadowQuality@3] File [C:/Users/Particular/Documents/Unreal Projects/Rewind/Saved/Config/Windows/Scalability.ini]
[2020.12.05-04.09.07:818][  0]LogConfig: Setting CVar [[r.LightFunctionQuality:1]]
[2020.12.05-04.09.07:818][  0]LogConfig: Setting CVar [[r.ShadowQuality:5]]
[2020.12.05-04.09.07:818][  0]LogConfig: Setting CVar [[r.Shadow.CSM.MaxCascades:10]]
[2020.12.05-04.09.07:818][  0]LogConfig: Setting CVar [[r.Shadow.MaxResolution:2048]]
[2020.12.05-04.09.07:818][  0]LogConfig: Setting CVar [[r.Shadow.MaxCSMResolution:2048]]
[2020.12.05-04.09.07:818][  0]LogConfig: Setting CVar [[r.Shadow.RadiusThreshold:0.01]]
[2020.12.05-04.09.07:818][  0]LogConfig: Setting CVar [[r.Shadow.DistanceScale:1.0]]
[2020.12.05-04.09.07:818][  0]LogConfig: Setting CVar [[r.Shadow.CSM.TransitionScale:1.0]]
[2020.12.05-04.09.07:818][  0]LogConfig: Setting CVar [[r.Shadow.PreShadowResolutionFactor:1.0]]
[2020.12.05-04.09.07:818][  0]LogConfig: Setting CVar [[r.DistanceFieldShadowing:1]]
[2020.12.05-04.09.07:818][  0]LogConfig: Setting CVar [[r.DistanceFieldAO:1]]
[2020.12.05-04.09.07:818][  0]LogConfig: Setting CVar [[r.AOQuality:2]]
[2020.12.05-04.09.07:818][  0]LogConfig: Setting CVar [[r.VolumetricFog:1]]
[2020.12.05-04.09.07:818][  0]LogConfig: Setting CVar [[r.VolumetricFog.GridPixelSize:8]]
[2020.12.05-04.09.07:818][  0]LogConfig: Setting CVar [[r.VolumetricFog.GridSizeZ:128]]
[2020.12.05-04.09.07:818][  0]LogConfig: Setting CVar [[r.VolumetricFog.HistoryMissSupersampleCount:4]]
[2020.12.05-04.09.07:818][  0]LogConfig: Setting CVar [[r.LightMaxDrawDistanceScale:1]]
[2020.12.05-04.09.07:818][  0]LogConfig: Setting CVar [[r.CapsuleShadows:1]]
[2020.12.05-04.09.07:818][  0]LogConfig: Applying CVar settings from Section [PostProcessQuality@3] File [C:/Users/Particular/Documents/Unreal Projects/Rewind/Saved/Config/Windows/Scalability.ini]
[2020.12.05-04.09.07:818][  0]LogConfig: Setting CVar [[r.MotionBlurQuality:4]]
[2020.12.05-04.09.07:818][  0]LogConfig: Setting CVar [[r.AmbientOcclusionMipLevelFactor:0.4]]
[2020.12.05-04.09.07:818][  0]LogConfig: Setting CVar [[r.AmbientOcclusionMaxQuality:100]]
[2020.12.05-04.09.07:818][  0]LogConfig: Setting CVar [[r.AmbientOcclusionLevels:-1]]
[2020.12.05-04.09.07:818][  0]LogConfig: Setting CVar [[r.AmbientOcclusionRadiusScale:1.0]]
[2020.12.05-04.09.07:818][  0]LogConfig: Setting CVar [[r.DepthOfFieldQuality:2]]
[2020.12.05-04.09.07:818][  0]LogConfig: Setting CVar [[r.RenderTargetPoolMin:400]]
[2020.12.05-04.09.07:818][  0]LogConfig: Setting CVar [[r.LensFlareQuality:2]]
[2020.12.05-04.09.07:818][  0]LogConfig: Setting CVar [[r.SceneColorFringeQuality:1]]
[2020.12.05-04.09.07:818][  0]LogConfig: Setting CVar [[r.EyeAdaptationQuality:2]]
[2020.12.05-04.09.07:818][  0]LogConfig: Setting CVar [[r.BloomQuality:5]]
[2020.12.05-04.09.07:818][  0]LogConfig: Setting CVar [[r.FastBlurThreshold:100]]
[2020.12.05-04.09.07:818][  0]LogConfig: Setting CVar [[r.Upscale.Quality:3]]
[2020.12.05-04.09.07:818][  0]LogConfig: Setting CVar [[r.Tonemapper.GrainQuantization:1]]
[2020.12.05-04.09.07:818][  0]LogConfig: Setting CVar [[r.LightShaftQuality:1]]
[2020.12.05-04.09.07:818][  0]LogConfig: Setting CVar [[r.Filter.SizeScale:1]]
[2020.12.05-04.09.07:818][  0]LogConfig: Setting CVar [[r.Tonemapper.Quality:5]]
[2020.12.05-04.09.07:818][  0]LogConfig: Setting CVar [[r.DOF.Gather.AccumulatorQuality:1        ; higher gathering accumulator quality]]
[2020.12.05-04.09.07:818][  0]LogConfig: Setting CVar [[r.DOF.Gather.PostfilterMethod:1          ; Median3x3 postfilering method]]
[2020.12.05-04.09.07:818][  0]LogConfig: Setting CVar [[r.DOF.Gather.EnableBokehSettings:0       ; no bokeh simulation when gathering]]
[2020.12.05-04.09.07:818][  0]LogConfig: Setting CVar [[r.DOF.Gather.RingCount:4                 ; medium number of samples when gathering]]
[2020.12.05-04.09.07:818][  0]LogConfig: Setting CVar [[r.DOF.Scatter.ForegroundCompositing:1    ; additive foreground scattering]]
[2020.12.05-04.09.07:818][  0]LogConfig: Setting CVar [[r.DOF.Scatter.BackgroundCompositing:2    ; additive background scattering]]
[2020.12.05-04.09.07:818][  0]LogConfig: Setting CVar [[r.DOF.Scatter.EnableBokehSettings:1      ; bokeh simulation when scattering]]
[2020.12.05-04.09.07:818][  0]LogConfig: Setting CVar [[r.DOF.Scatter.MaxSpriteRatio:0.1         ; only a maximum of 10% of scattered bokeh]]
[2020.12.05-04.09.07:818][  0]LogConfig: Setting CVar [[r.DOF.Recombine.Quality:1                ; cheap slight out of focus]]
[2020.12.05-04.09.07:818][  0]LogConfig: Setting CVar [[r.DOF.Recombine.EnableBokehSettings:0    ; no bokeh simulation on slight out of focus]]
[2020.12.05-04.09.07:818][  0]LogConfig: Setting CVar [[r.DOF.TemporalAAQuality:1                ; more stable temporal accumulation]]
[2020.12.05-04.09.07:818][  0]LogConfig: Setting CVar [[r.DOF.Kernel.MaxForegroundRadius:0.025]]
[2020.12.05-04.09.07:818][  0]LogConfig: Setting CVar [[r.DOF.Kernel.MaxBackgroundRadius:0.025]]
[2020.12.05-04.09.07:818][  0]LogConfig: Applying CVar settings from Section [TextureQuality@3] File [C:/Users/Particular/Documents/Unreal Projects/Rewind/Saved/Config/Windows/Scalability.ini]
[2020.12.05-04.09.07:818][  0]LogConfig: Setting CVar [[r.Streaming.MipBias:0]]
[2020.12.05-04.09.07:818][  0]LogConfig: Setting CVar [[r.Streaming.AmortizeCPUToGPUCopy:0]]
[2020.12.05-04.09.07:818][  0]LogConfig: Setting CVar [[r.Streaming.MaxNumTexturesToStreamPerFrame:0]]
[2020.12.05-04.09.07:818][  0]LogConfig: Setting CVar [[r.Streaming.Boost:1]]
[2020.12.05-04.09.07:818][  0]LogConfig: Setting CVar [[r.MaxAnisotropy:8]]
[2020.12.05-04.09.07:818][  0]LogConfig: Setting CVar [[r.VT.MaxAnisotropy:8]]
[2020.12.05-04.09.07:818][  0]LogConfig: Setting CVar [[r.Streaming.LimitPoolSizeToVRAM:0]]
[2020.12.05-04.09.07:818][  0]LogConfig: Setting CVar [[r.Streaming.PoolSize:1000]]
[2020.12.05-04.09.07:818][  0]LogConfig: Setting CVar [[r.Streaming.MaxEffectiveScreenSize:0]]
[2020.12.05-04.09.07:818][  0]LogConfig: Applying CVar settings from Section [EffectsQuality@3] File [C:/Users/Particular/Documents/Unreal Projects/Rewind/Saved/Config/Windows/Scalability.ini]
[2020.12.05-04.09.07:818][  0]LogConfig: Setting CVar [[r.TranslucencyLightingVolumeDim:64]]
[2020.12.05-04.09.07:818][  0]LogConfig: Setting CVar [[r.RefractionQuality:2]]
[2020.12.05-04.09.07:818][  0]LogConfig: Setting CVar [[r.SSR.Quality:3]]
[2020.12.05-04.09.07:818][  0]LogConfig: Setting CVar [[r.SSR.HalfResSceneColor:0]]
[2020.12.05-04.09.07:818][  0]LogConfig: Setting CVar [[r.SceneColorFormat:4]]
[2020.12.05-04.09.07:818][  0]LogConfig: Setting CVar [[r.DetailMode:2]]
[2020.12.05-04.09.07:818][  0]LogConfig: Setting CVar [[r.TranslucencyVolumeBlur:1]]
[2020.12.05-04.09.07:818][  0]LogConfig: Setting CVar [[r.MaterialQualityLevel:1 ; High quality]]
[2020.12.05-04.09.07:818][  0]LogConfig: Setting CVar [[r.SSS.Scale:1]]
[2020.12.05-04.09.07:818][  0]LogConfig: Setting CVar [[r.SSS.SampleSet:2]]
[2020.12.05-04.09.07:818][  0]LogConfig: Setting CVar [[r.SSS.Quality:1]]
[2020.12.05-04.09.07:818][  0]LogConfig: Setting CVar [[r.SSS.HalfRes:0]]
[2020.12.05-04.09.07:818][  0]LogConfig: Setting CVar [[r.SSGI.Quality:3]]
[2020.12.05-04.09.07:819][  0]LogConfig: Setting CVar [[r.EmitterSpawnRateScale:1.0]]
[2020.12.05-04.09.07:819][  0]LogConfig: Setting CVar [[r.ParticleLightQuality:2]]
[2020.12.05-04.09.07:819][  0]LogConfig: Setting CVar [[r.SkyAtmosphere.AerialPerspectiveLUT.FastApplyOnOpaque:1 ; Always have FastSkyLUT 1 in this case to avoid wrong sky]]
[2020.12.05-04.09.07:819][  0]LogConfig: Setting CVar [[r.SkyAtmosphere.AerialPerspectiveLUT.SampleCountPerSlice:1]]
[2020.12.05-04.09.07:819][  0]LogConfig: Setting CVar [[r.SkyAtmosphere.AerialPerspectiveLUT.DepthResolution:16.0]]
[2020.12.05-04.09.07:819][  0]LogConfig: Setting CVar [[r.SkyAtmosphere.FastSkyLUT:1]]
[2020.12.05-04.09.07:819][  0]LogConfig: Setting CVar [[r.SkyAtmosphere.FastSkyLUT.SampleCountMin:4.0]]
[2020.12.05-04.09.07:819][  0]LogConfig: Setting CVar [[r.SkyAtmosphere.FastSkyLUT.SampleCountMax:32.0]]
[2020.12.05-04.09.07:819][  0]LogConfig: Setting CVar [[r.SkyAtmosphere.SampleCountMin:4.0]]
[2020.12.05-04.09.07:819][  0]LogConfig: Setting CVar [[r.SkyAtmosphere.SampleCountMax:32.0]]
[2020.12.05-04.09.07:819][  0]LogConfig: Setting CVar [[r.SkyAtmosphere.TransmittanceLUT.UseSmallFormat:0]]
[2020.12.05-04.09.07:819][  0]LogConfig: Setting CVar [[r.SkyAtmosphere.TransmittanceLUT.SampleCount:10.0]]
[2020.12.05-04.09.07:819][  0]LogConfig: Setting CVar [[r.SkyAtmosphere.MultiScatteringLUT.SampleCount:15.0]]
[2020.12.05-04.09.07:819][  0]LogConfig: Applying CVar settings from Section [FoliageQuality@3] File [C:/Users/Particular/Documents/Unreal Projects/Rewind/Saved/Config/Windows/Scalability.ini]
[2020.12.05-04.09.07:819][  0]LogConfig: Setting CVar [[foliage.DensityScale:1.0]]
[2020.12.05-04.09.07:819][  0]LogConfig: Setting CVar [[grass.DensityScale:1.0]]
[2020.12.05-04.09.07:819][  0]LogConfig: Applying CVar settings from Section [ShadingQuality@3] File [C:/Users/Particular/Documents/Unreal Projects/Rewind/Saved/Config/Windows/Scalability.ini]
[2020.12.05-04.09.07:819][  0]LogConfig: Setting CVar [[r.HairStrands.SkyLighting.SampleCount:16]]
[2020.12.05-04.09.07:819][  0]LogConfig: Setting CVar [[r.HairStrands.SkyLighting.JitterIntegration:0]]
[2020.12.05-04.09.07:819][  0]LogConfig: Setting CVar [[r.HairStrands.SkyAO.SampleCount:16]]
[2020.12.05-04.09.07:819][  0]LogConfig: Setting CVar [[r.HairStrands.DeepShadow.SuperSampling:0]]
[2020.12.05-04.09.07:819][  0]LogConfig: Setting CVar [[r.HairStrands.VisibilityPPLL:0]]
[2020.12.05-04.09.07:819][  0]LogConfig: Setting CVar [[r.HairStrands.RasterizationScale:0.5]]
[2020.12.05-04.09.07:819][  0]LogConfig: Setting CVar [[r.HairStrands.VelocityRasterizationScale:1]]
[2020.12.05-04.09.07:850][  0]LogInit: Selected Device Profile: [Windows]
[2020.12.05-04.09.07:850][  0]LogInit: Applying CVar settings loaded from the selected device profile: [Windows]
[2020.12.05-04.09.07:913][  0]LogHAL: Display: Platform has ~ 8 GB [8570589184 / 8589934592 / 8], which maps to Default [LargestMinGB=32, LargerMinGB=12, DefaultMinGB=8, SmallerMinGB=6, SmallestMinGB=0)
[2020.12.05-04.09.07:913][  0]LogInit: Going up to parent DeviceProfile []
[2020.12.05-04.09.07:926][  0]LogConfig: Applying CVar settings from Section [ViewDistanceQuality@3] File [C:/Users/Particular/Documents/Unreal Projects/Rewind/Saved/Config/Windows/Scalability.ini]
[2020.12.05-04.09.07:926][  0]LogConfig: Setting CVar [[r.SkeletalMeshLODBias:0]]
[2020.12.05-04.09.07:926][  0]LogConfig: Setting CVar [[r.ViewDistanceScale:1.0]]
[2020.12.05-04.09.07:926][  0]LogConfig: Applying CVar settings from Section [AntiAliasingQuality@3] File [C:/Users/Particular/Documents/Unreal Projects/Rewind/Saved/Config/Windows/Scalability.ini]
[2020.12.05-04.09.07:926][  0]LogConfig: Setting CVar [[r.PostProcessAAQuality:4]]
[2020.12.05-04.09.07:926][  0]LogConfig: Applying CVar settings from Section [ShadowQuality@3] File [C:/Users/Particular/Documents/Unreal Projects/Rewind/Saved/Config/Windows/Scalability.ini]
[2020.12.05-04.09.07:926][  0]LogConfig: Setting CVar [[r.LightFunctionQuality:1]]
[2020.12.05-04.09.07:926][  0]LogConfig: Setting CVar [[r.ShadowQuality:5]]
[2020.12.05-04.09.07:926][  0]LogConfig: Setting CVar [[r.Shadow.CSM.MaxCascades:10]]
[2020.12.05-04.09.07:926][  0]LogConfig: Setting CVar [[r.Shadow.MaxResolution:2048]]
[2020.12.05-04.09.07:926][  0]LogConfig: Setting CVar [[r.Shadow.MaxCSMResolution:2048]]
[2020.12.05-04.09.07:926][  0]LogConfig: Setting CVar [[r.Shadow.RadiusThreshold:0.01]]
[2020.12.05-04.09.07:926][  0]LogConfig: Setting CVar [[r.Shadow.DistanceScale:1.0]]
[2020.12.05-04.09.07:926][  0]LogConfig: Setting CVar [[r.Shadow.CSM.TransitionScale:1.0]]
[2020.12.05-04.09.07:926][  0]LogConfig: Setting CVar [[r.Shadow.PreShadowResolutionFactor:1.0]]
[2020.12.05-04.09.07:926][  0]LogConfig: Setting CVar [[r.DistanceFieldShadowing:1]]
[2020.12.05-04.09.07:926][  0]LogConfig: Setting CVar [[r.DistanceFieldAO:1]]
[2020.12.05-04.09.07:926][  0]LogConfig: Setting CVar [[r.AOQuality:2]]
[2020.12.05-04.09.07:926][  0]LogConfig: Setting CVar [[r.VolumetricFog:1]]
[2020.12.05-04.09.07:926][  0]LogConfig: Setting CVar [[r.VolumetricFog.GridPixelSize:8]]
[2020.12.05-04.09.07:926][  0]LogConfig: Setting CVar [[r.VolumetricFog.GridSizeZ:128]]
[2020.12.05-04.09.07:926][  0]LogConfig: Setting CVar [[r.VolumetricFog.HistoryMissSupersampleCount:4]]
[2020.12.05-04.09.07:926][  0]LogConfig: Setting CVar [[r.LightMaxDrawDistanceScale:1]]
[2020.12.05-04.09.07:926][  0]LogConfig: Setting CVar [[r.CapsuleShadows:1]]
[2020.12.05-04.09.07:926][  0]LogConfig: Applying CVar settings from Section [PostProcessQuality@3] File [C:/Users/Particular/Documents/Unreal Projects/Rewind/Saved/Config/Windows/Scalability.ini]
[2020.12.05-04.09.07:926][  0]LogConfig: Setting CVar [[r.MotionBlurQuality:4]]
[2020.12.05-04.09.07:926][  0]LogConfig: Setting CVar [[r.AmbientOcclusionMipLevelFactor:0.4]]
[2020.12.05-04.09.07:926][  0]LogConfig: Setting CVar [[r.AmbientOcclusionMaxQuality:100]]
[2020.12.05-04.09.07:926][  0]LogConfig: Setting CVar [[r.AmbientOcclusionLevels:-1]]
[2020.12.05-04.09.07:926][  0]LogConfig: Setting CVar [[r.AmbientOcclusionRadiusScale:1.0]]
[2020.12.05-04.09.07:926][  0]LogConfig: Setting CVar [[r.DepthOfFieldQuality:2]]
[2020.12.05-04.09.07:926][  0]LogConfig: Setting CVar [[r.RenderTargetPoolMin:400]]
[2020.12.05-04.09.07:926][  0]LogConfig: Setting CVar [[r.LensFlareQuality:2]]
[2020.12.05-04.09.07:927][  0]LogConfig: Setting CVar [[r.SceneColorFringeQuality:1]]
[2020.12.05-04.09.07:927][  0]LogConfig: Setting CVar [[r.EyeAdaptationQuality:2]]
[2020.12.05-04.09.07:927][  0]LogConfig: Setting CVar [[r.BloomQuality:5]]
[2020.12.05-04.09.07:927][  0]LogConfig: Setting CVar [[r.FastBlurThreshold:100]]
[2020.12.05-04.09.07:927][  0]LogConfig: Setting CVar [[r.Upscale.Quality:3]]
[2020.12.05-04.09.07:927][  0]LogConfig: Setting CVar [[r.Tonemapper.GrainQuantization:1]]
[2020.12.05-04.09.07:927][  0]LogConfig: Setting CVar [[r.LightShaftQuality:1]]
[2020.12.05-04.09.07:927][  0]LogConfig: Setting CVar [[r.Filter.SizeScale:1]]
[2020.12.05-04.09.07:927][  0]LogConfig: Setting CVar [[r.Tonemapper.Quality:5]]
[2020.12.05-04.09.07:927][  0]LogConfig: Setting CVar [[r.DOF.Gather.AccumulatorQuality:1        ; higher gathering accumulator quality]]
[2020.12.05-04.09.07:927][  0]LogConfig: Setting CVar [[r.DOF.Gather.PostfilterMethod:1          ; Median3x3 postfilering method]]
[2020.12.05-04.09.07:927][  0]LogConfig: Setting CVar [[r.DOF.Gather.EnableBokehSettings:0       ; no bokeh simulation when gathering]]
[2020.12.05-04.09.07:927][  0]LogConfig: Setting CVar [[r.DOF.Gather.RingCount:4                 ; medium number of samples when gathering]]
[2020.12.05-04.09.07:927][  0]LogConfig: Setting CVar [[r.DOF.Scatter.ForegroundCompositing:1    ; additive foreground scattering]]
[2020.12.05-04.09.07:927][  0]LogConfig: Setting CVar [[r.DOF.Scatter.BackgroundCompositing:2    ; additive background scattering]]
[2020.12.05-04.09.07:927][  0]LogConfig: Setting CVar [[r.DOF.Scatter.EnableBokehSettings:1      ; bokeh simulation when scattering]]
[2020.12.05-04.09.07:927][  0]LogConfig: Setting CVar [[r.DOF.Scatter.MaxSpriteRatio:0.1         ; only a maximum of 10% of scattered bokeh]]
[2020.12.05-04.09.07:927][  0]LogConfig: Setting CVar [[r.DOF.Recombine.Quality:1                ; cheap slight out of focus]]
[2020.12.05-04.09.07:927][  0]LogConfig: Setting CVar [[r.DOF.Recombine.EnableBokehSettings:0    ; no bokeh simulation on slight out of focus]]
[2020.12.05-04.09.07:927][  0]LogConfig: Setting CVar [[r.DOF.TemporalAAQuality:1                ; more stable temporal accumulation]]
[2020.12.05-04.09.07:927][  0]LogConfig: Setting CVar [[r.DOF.Kernel.MaxForegroundRadius:0.025]]
[2020.12.05-04.09.07:927][  0]LogConfig: Setting CVar [[r.DOF.Kernel.MaxBackgroundRadius:0.025]]
[2020.12.05-04.09.07:927][  0]LogConfig: Applying CVar settings from Section [TextureQuality@3] File [C:/Users/Particular/Documents/Unreal Projects/Rewind/Saved/Config/Windows/Scalability.ini]
[2020.12.05-04.09.07:927][  0]LogConfig: Setting CVar [[r.Streaming.MipBias:0]]
[2020.12.05-04.09.07:927][  0]LogConfig: Setting CVar [[r.Streaming.AmortizeCPUToGPUCopy:0]]
[2020.12.05-04.09.07:927][  0]LogConfig: Setting CVar [[r.Streaming.MaxNumTexturesToStreamPerFrame:0]]
[2020.12.05-04.09.07:927][  0]LogConfig: Setting CVar [[r.Streaming.Boost:1]]
[2020.12.05-04.09.07:927][  0]LogConfig: Setting CVar [[r.MaxAnisotropy:8]]
[2020.12.05-04.09.07:927][  0]LogConfig: Setting CVar [[r.VT.MaxAnisotropy:8]]
[2020.12.05-04.09.07:927][  0]LogConfig: Setting CVar [[r.Streaming.LimitPoolSizeToVRAM:0]]
[2020.12.05-04.09.07:927][  0]LogConfig: Setting CVar [[r.Streaming.PoolSize:1000]]
[2020.12.05-04.09.07:927][  0]LogConfig: Setting CVar [[r.Streaming.MaxEffectiveScreenSize:0]]
[2020.12.05-04.09.07:927][  0]LogConfig: Applying CVar settings from Section [EffectsQuality@3] File [C:/Users/Particular/Documents/Unreal Projects/Rewind/Saved/Config/Windows/Scalability.ini]
[2020.12.05-04.09.07:927][  0]LogConfig: Setting CVar [[r.TranslucencyLightingVolumeDim:64]]
[2020.12.05-04.09.07:927][  0]LogConfig: Setting CVar [[r.RefractionQuality:2]]
[2020.12.05-04.09.07:927][  0]LogConfig: Setting CVar [[r.SSR.Quality:3]]
[2020.12.05-04.09.07:927][  0]LogConfig: Setting CVar [[r.SSR.HalfResSceneColor:0]]
[2020.12.05-04.09.07:927][  0]LogConfig: Setting CVar [[r.SceneColorFormat:4]]
[2020.12.05-04.09.07:928][  0]LogConfig: Setting CVar [[r.DetailMode:2]]
[2020.12.05-04.09.07:928][  0]LogConfig: Setting CVar [[r.TranslucencyVolumeBlur:1]]
[2020.12.05-04.09.07:928][  0]LogConfig: Setting CVar [[r.MaterialQualityLevel:1 ; High quality]]
[2020.12.05-04.09.07:928][  0]LogConfig: Setting CVar [[r.SSS.Scale:1]]
[2020.12.05-04.09.07:928][  0]LogConfig: Setting CVar [[r.SSS.SampleSet:2]]
[2020.12.05-04.09.07:928][  0]LogConfig: Setting CVar [[r.SSS.Quality:1]]
[2020.12.05-04.09.07:928][  0]LogConfig: Setting CVar [[r.SSS.HalfRes:0]]
[2020.12.05-04.09.07:928][  0]LogConfig: Setting CVar [[r.SSGI.Quality:3]]
[2020.12.05-04.09.07:928][  0]LogConfig: Setting CVar [[r.EmitterSpawnRateScale:1.0]]
[2020.12.05-04.09.07:928][  0]LogConfig: Setting CVar [[r.ParticleLightQuality:2]]
[2020.12.05-04.09.07:928][  0]LogConfig: Setting CVar [[r.SkyAtmosphere.AerialPerspectiveLUT.FastApplyOnOpaque:1 ; Always have FastSkyLUT 1 in this case to avoid wrong sky]]
[2020.12.05-04.09.07:928][  0]LogConfig: Setting CVar [[r.SkyAtmosphere.AerialPerspectiveLUT.SampleCountPerSlice:1]]
[2020.12.05-04.09.07:928][  0]LogConfig: Setting CVar [[r.SkyAtmosphere.AerialPerspectiveLUT.DepthResolution:16.0]]
[2020.12.05-04.09.07:928][  0]LogConfig: Setting CVar [[r.SkyAtmosphere.FastSkyLUT:1]]
[2020.12.05-04.09.07:928][  0]LogConfig: Setting CVar [[r.SkyAtmosphere.FastSkyLUT.SampleCountMin:4.0]]
[2020.12.05-04.09.07:928][  0]LogConfig: Setting CVar [[r.SkyAtmosphere.FastSkyLUT.SampleCountMax:32.0]]
[2020.12.05-04.09.07:928][  0]LogConfig: Setting CVar [[r.SkyAtmosphere.SampleCountMin:4.0]]
[2020.12.05-04.09.07:928][  0]LogConfig: Setting CVar [[r.SkyAtmosphere.SampleCountMax:32.0]]
[2020.12.05-04.09.07:928][  0]LogConfig: Setting CVar [[r.SkyAtmosphere.TransmittanceLUT.UseSmallFormat:0]]
[2020.12.05-04.09.07:928][  0]LogConfig: Setting CVar [[r.SkyAtmosphere.TransmittanceLUT.SampleCount:10.0]]
[2020.12.05-04.09.07:928][  0]LogConfig: Setting CVar [[r.SkyAtmosphere.MultiScatteringLUT.SampleCount:15.0]]
[2020.12.05-04.09.07:928][  0]LogConfig: Applying CVar settings from Section [FoliageQuality@3] File [C:/Users/Particular/Documents/Unreal Projects/Rewind/Saved/Config/Windows/Scalability.ini]
[2020.12.05-04.09.07:928][  0]LogConfig: Setting CVar [[foliage.DensityScale:1.0]]
[2020.12.05-04.09.07:928][  0]LogConfig: Setting CVar [[grass.DensityScale:1.0]]
[2020.12.05-04.09.07:928][  0]LogConfig: Applying CVar settings from Section [ShadingQuality@3] File [C:/Users/Particular/Documents/Unreal Projects/Rewind/Saved/Config/Windows/Scalability.ini]
[2020.12.05-04.09.07:928][  0]LogConfig: Setting CVar [[r.HairStrands.SkyLighting.SampleCount:16]]
[2020.12.05-04.09.07:928][  0]LogConfig: Setting CVar [[r.HairStrands.SkyLighting.JitterIntegration:0]]
[2020.12.05-04.09.07:928][  0]LogConfig: Setting CVar [[r.HairStrands.SkyAO.SampleCount:16]]
[2020.12.05-04.09.07:928][  0]LogConfig: Setting CVar [[r.HairStrands.DeepShadow.SuperSampling:0]]
[2020.12.05-04.09.07:928][  0]LogConfig: Setting CVar [[r.HairStrands.VisibilityPPLL:0]]
[2020.12.05-04.09.07:928][  0]LogConfig: Setting CVar [[r.HairStrands.RasterizationScale:0.5]]
[2020.12.05-04.09.07:928][  0]LogConfig: Setting CVar [[r.HairStrands.VelocityRasterizationScale:1]]
[2020.12.05-04.09.07:928][  0]LogConfig: Applying CVar settings from Section [Startup] File [../../../Engine/Config/ConsoleVariables.ini]
[2020.12.05-04.09.07:949][  0]LogConfig: Setting CVar [[net.UseAdaptiveNetUpdateFrequency:0]]
[2020.12.05-04.09.07:949][  0]LogConfig: Setting CVar [[p.chaos.AllowCreatePhysxBodies:1]]
[2020.12.05-04.09.07:950][  0]LogConfig: Setting CVar [[fx.SkipVectorVMBackendOptimizations:1]]
[2020.12.05-04.09.07:950][  0]LogConfig: Applying CVar settings from Section [ConsoleVariables] File [C:/Users/Particular/Documents/Unreal Projects/Rewind/Saved/Config/Windows/Engine.ini]
[2020.12.05-04.09.08:185][  0]LogInit: Computer: DESKTOP-78NP2BO
[2020.12.05-04.09.08:185][  0]LogInit: User: Particular
[2020.12.05-04.09.08:186][  0]LogInit: CPU Page size=4096, Cores=4
[2020.12.05-04.09.08:186][  0]LogInit: High frequency timer resolution =10.000000 MHz
[2020.12.05-04.09.08:186][  0]LogMemory: Memory total: Physical=8.0GB (8GB approx)
[2020.12.05-04.09.08:214][  0]LogMemory: Platform Memory Stats for Windows
[2020.12.05-04.09.08:214][  0]LogMemory: Process Physical Memory: 118.71 MB used, 118.71 MB peak
[2020.12.05-04.09.08:214][  0]LogMemory: Process Virtual Memory: 116.14 MB used, 116.14 MB peak
[2020.12.05-04.09.08:214][  0]LogMemory: Physical Memory: 7278.78 MB used,  894.77 MB free, 8173.55 MB total
[2020.12.05-04.09.08:214][  0]LogMemory: Virtual Memory: 5189.68 MB used,  134212536.00 MB free, 134217728.00 MB total
[2020.12.05-04.09.08:342][  0]LogWindows: WindowsPlatformFeatures enabled
[2020.12.05-04.09.13:656][  0]LogInit: Physics initialised using underlying interface: PhysX
[2020.12.05-04.09.13:850][  0]LogInit: Overriding language with editor language configuration option (en).
[2020.12.05-04.09.13:850][  0]LogInit: Overriding locale with editor locale configuration option (en).
[2020.12.05-04.09.24:644][  0]LogInit: Setting process to per monitor DPI aware
[2020.12.05-04.09.27:082][  0]LogSlate: New Slate User Created.  User Index 0, Is Virtual User: 0
[2020.12.05-04.09.27:083][  0]LogSlate: Slate User Registered.  User Index 0, Is Virtual User: 0
[2020.12.05-04.09.51:046][  0]LogHMD: Failed to initialize OpenVR with code 110
[2020.12.05-04.09.51:047][  0]LogD3D11RHI: D3D11 min allowed feature level: 11_0
[2020.12.05-04.09.51:047][  0]LogD3D11RHI: D3D11 max allowed feature level: 11_0
[2020.12.05-04.09.51:047][  0]LogD3D11RHI: D3D11 adapters:
[2020.12.05-04.09.51:686][  0]LogD3D11RHI:    0. 'Radeon(TM) RX 460 Graphics' (Feature Level 11_0)
[2020.12.05-04.09.51:686][  0]LogD3D11RHI:       4075/0/4086 MB DedicatedVideo/DedicatedSystem/SharedSystem, Outputs:1, VendorId:0x1002
[2020.12.05-04.09.51:744][  0]LogD3D11RHI:    1. 'Microsoft Basic Render Driver' (Feature Level 11_0)
[2020.12.05-04.09.51:744][  0]LogD3D11RHI:       0/0/4086 MB DedicatedVideo/DedicatedSystem/SharedSystem, Outputs:0, VendorId:0x1414
[2020.12.05-04.09.51:744][  0]LogD3D11RHI: Chosen D3D11 Adapter: 0
[2020.12.05-04.09.51:914][  0]LogD3D11RHI: Creating new Direct3DDevice
[2020.12.05-04.09.51:915][  0]LogD3D11RHI:     GPU DeviceId: 0x67ef (for the marketing name, search the web for "GPU Device Id")
[2020.12.05-04.09.51:923][  0]LogWindows: EnumDisplayDevices:
[2020.12.05-04.09.51:923][  0]LogWindows:    0. 'Radeon(TM) RX 460 Graphics' (P:1 D:1)
[2020.12.05-04.09.51:923][  0]LogWindows:    1. 'Radeon(TM) RX 460 Graphics' (P:0 D:0)
[2020.12.05-04.09.51:924][  0]LogWindows:    2. 'Radeon(TM) RX 460 Graphics' (P:0 D:0)
[2020.12.05-04.09.51:925][  0]LogWindows:    3. 'Radeon(TM) RX 460 Graphics' (P:0 D:0)
[2020.12.05-04.09.51:925][  0]LogWindows:    4. 'Radeon(TM) RX 460 Graphics' (P:0 D:0)
[2020.12.05-04.09.51:926][  0]LogWindows:    5. 'Radeon(TM) RX 460 Graphics' (P:0 D:0)
[2020.12.05-04.09.51:926][  0]LogWindows:    6. 'Radeon(TM) RX 460 Graphics' (P:0 D:0)
[2020.12.05-04.09.51:927][  0]LogWindows: DebugString: FoundDriverCount:7 
[2020.12.05-04.09.51:927][  0]LogD3D11RHI:     Adapter Name: Radeon(TM) RX 460 Graphics
[2020.12.05-04.09.51:927][  0]LogD3D11RHI:   Driver Version: Adrenalin 2020 20.9.1 (internal:27.20.12029.1000, unified:27.20.12029.1000)
[2020.12.05-04.09.51:927][  0]LogD3D11RHI:      Driver Date: 9-9-2020
[2020.12.05-04.09.51:927][  0]LogRHI: Texture pool is 2425 MB (70% of 3464 MB)
[2020.12.05-04.09.53:190][  0]LogD3D11RHI: RHI has support for 64 bit atomics
[2020.12.05-04.09.53:190][  0]LogD3D11RHI: Async texture creation enabled
[2020.12.05-04.09.53:190][  0]LogD3D11RHI: Array index from any shader is supported
[2020.12.05-04.09.54:501][  0]LogD3D11RHI: GPU Timing Frequency: 25.000000 (Debug: 2 3)
[2020.12.05-04.09.57:201][  0]LogTargetPlatformManager: Display: Loaded TargetPlatform 'AllDesktop'
[2020.12.05-04.09.57:506][  0]LogTargetPlatformManager: Display: Loaded TargetPlatform 'Android'
[2020.12.05-04.09.57:506][  0]LogTargetPlatformManager: Display: Loaded TargetPlatform 'Android_ASTC'
[2020.12.05-04.09.57:506][  0]LogTargetPlatformManager: Display: Loaded TargetPlatform 'Android_DXT'
[2020.12.05-04.09.57:507][  0]LogTargetPlatformManager: Display: Loaded TargetPlatform 'Android_ETC2'
[2020.12.05-04.09.57:507][  0]LogTargetPlatformManager: Display: Loaded TargetPlatform 'AndroidClient'
[2020.12.05-04.09.57:507][  0]LogTargetPlatformManager: Display: Loaded TargetPlatform 'Android_ASTCClient'
[2020.12.05-04.09.57:507][  0]LogTargetPlatformManager: Display: Loaded TargetPlatform 'Android_DXTClient'
[2020.12.05-04.09.57:507][  0]LogTargetPlatformManager: Display: Loaded TargetPlatform 'Android_ETC2Client'
[2020.12.05-04.09.57:507][  0]LogTargetPlatformManager: Display: Loaded TargetPlatform 'Android_Multi'
[2020.12.05-04.09.57:507][  0]LogTargetPlatformManager: Display: Loaded TargetPlatform 'Android_MultiClient'
[2020.12.05-04.09.58:322][  0]LogTargetPlatformManager: Display: Loaded TargetPlatform 'IOSClient'
[2020.12.05-04.09.58:322][  0]LogTargetPlatformManager: Display: Loaded TargetPlatform 'IOS'
[2020.12.05-04.09.58:645][  0]LogTargetPlatformManager: Display: Loaded TargetPlatform 'Linux'
[2020.12.05-04.09.58:701][  0]LogTargetPlatformManager: Display: Loaded TargetPlatform 'LinuxNoEditor'
[2020.12.05-04.09.58:861][  0]LogTargetPlatformManager: Display: Loaded TargetPlatform 'LinuxClient'
[2020.12.05-04.09.59:164][  0]LogTargetPlatformManager: Display: Loaded TargetPlatform 'LinuxServer'
[2020.12.05-04.09.59:365][  0]LogTargetPlatformManager: Display: Loaded TargetPlatform 'LinuxAArch64NoEditor'
[2020.12.05-04.09.59:698][  0]LogTargetPlatformManager: Display: Loaded TargetPlatform 'LinuxAArch64Client'
[2020.12.05-04.09.59:807][  0]LogTargetPlatformManager: Display: Loaded TargetPlatform 'LinuxAArch64Server'
[2020.12.05-04.09.59:962][  0]LogTargetPlatformManager: Display: Loaded TargetPlatform 'Lumin'
[2020.12.05-04.09.59:962][  0]LogTargetPlatformManager: Display: Loaded TargetPlatform 'LuminClient'
[2020.12.05-04.10.00:197][  0]LogTargetPlatformManager: Display: Loaded TargetPlatform 'TVOSClient'
[2020.12.05-04.10.00:197][  0]LogTargetPlatformManager: Display: Loaded TargetPlatform 'TVOS'
[2020.12.05-04.10.00:429][  0]LogTargetPlatformManager: Display: Loaded TargetPlatform 'WindowsNoEditor'
[2020.12.05-04.10.00:702][  0]LogTargetPlatformManager: Display: Loaded TargetPlatform 'Windows'
[2020.12.05-04.10.00:870][  0]LogTargetPlatformManager: Display: Loaded TargetPlatform 'WindowsClient'
[2020.12.05-04.10.01:138][  0]LogTargetPlatformManager: Display: Loaded TargetPlatform 'WindowsServer'
[2020.12.05-04.10.01:138][  0]LogTargetPlatformManager: Display: Building Assets For Windows
[2020.12.05-04.10.01:736][  0]LogAudioDebug: Display: Lib vorbis DLL was dynamically loaded.
[2020.12.05-04.10.08:565][  0]LogShaderCompilers: Guid format shader working directory is -18 characters bigger than the processId version (../../../../../../Users/Particular/Documents/Unreal Projects/Rewind/Intermediate/Shaders/WorkingDirectory/168612/).
[2020.12.05-04.10.08:565][  0]LogShaderCompilers: Cleaned the shader compiler working directory 'C:/Users/Particular/AppData/Local/Temp/UnrealShaderWorkingDir/A43B4B0D43EA9186A11EDEA3132775F9/'.
[2020.12.05-04.10.08:701][  0]LogXGEController: Cannot use XGE Controller as Incredibuild is not installed on this machine.
[2020.12.05-04.10.08:722][  0]LogShaderCompilers: Cannot use XGE Shader Compiler as Incredibuild is not installed on this machine.
[2020.12.05-04.10.08:722][  0]LogShaderCompilers: Display: Using Local Shader Compiler.
[2020.12.05-04.10.41:133][  0]LogDerivedDataCache: Display: Max Cache Size: 512 MB
[2020.12.05-04.10.42:355][  0]LogDerivedDataCache: Loaded boot cache 1.17s 76MB C:/Users/Particular/AppData/Local/UnrealEngine/4.25/DerivedDataCache/Boot.ddc.
[2020.12.05-04.10.42:355][  0]LogDerivedDataCache: Display: Loaded Boot cache: C:/Users/Particular/AppData/Local/UnrealEngine/4.25/DerivedDataCache/Boot.ddc
[2020.12.05-04.10.42:355][  0]LogDerivedDataCache: FDerivedDataBackendGraph:  Pak pak cache file ../../../../../../Users/Particular/Documents/Unreal Projects/Rewind/DerivedDataCache/DDC.ddp not found, will not use a pak cache.
[2020.12.05-04.10.42:355][  0]LogDerivedDataCache: Unable to find inner node Pak for hierarchical cache Hierarchy.
[2020.12.05-04.10.42:355][  0]LogDerivedDataCache: FDerivedDataBackendGraph:  CompressedPak pak cache file ../../../../../../Users/Particular/Documents/Unreal Projects/Rewind/DerivedDataCache/Compressed.ddp not found, will not use a pak cache.
[2020.12.05-04.10.42:355][  0]LogDerivedDataCache: Unable to find inner node CompressedPak for hierarchical cache Hierarchy.
[2020.12.05-04.10.42:600][  0]LogDerivedDataCache: Display: Pak cache opened for reading ../../../Engine/DerivedDataCache/Compressed.ddp.
[2020.12.05-04.10.42:600][  0]LogDerivedDataCache: FDerivedDataBackendGraph:  EnterprisePak pak cache file ../../../Enterprise/DerivedDataCache/Compressed.ddp not found, will not use a pak cache.
[2020.12.05-04.10.42:600][  0]LogDerivedDataCache: Unable to find inner node EnterprisePak for hierarchical cache Hierarchy.
[2020.12.05-04.10.42:721][  0]LogDerivedDataCache: Using Local data cache path C:/Users/Particular/AppData/Local/UnrealEngine/Common/DerivedDataCache: Writable
[2020.12.05-04.10.42:721][  0]LogDerivedDataCache: Shared data cache path not found in *engine.ini, will not use an Shared cache.
[2020.12.05-04.10.42:721][  0]LogDerivedDataCache: Unable to find inner node Shared for hierarchical cache Hierarchy.
[2020.12.05-04.10.43:349][  0]LogSlate: Using FreeType 2.10.0
[2020.12.05-04.10.43:585][  0]LogSlate: SlateFontServices - WITH_FREETYPE: 1, WITH_HARFBUZZ: 1
[2020.12.05-04.10.45:586][  0]LogAssetRegistry: FAssetRegistry took 0.0375 seconds to start up
[2020.12.05-04.11.09:754][  0]LogInit: Selected Device Profile: [Windows]
[2020.12.05-04.11.16:079][  0]LogMeshReduction: Using QuadricMeshReduction for automatic static mesh reduction
[2020.12.05-04.11.16:079][  0]LogMeshReduction: Using SimplygonMeshReduction for automatic skeletal mesh reduction
[2020.12.05-04.11.16:079][  0]LogMeshReduction: Using ProxyLODMeshReduction for automatic mesh merging
[2020.12.05-04.11.16:079][  0]LogMeshReduction: No distributed automatic mesh merging module available
[2020.12.05-04.11.16:160][  0]LogMeshMerging: No distributed automatic mesh merging module available
[2020.12.05-04.11.17:960][  0]LogNetVersion: Rewind 1.0.0, NetCL: 13144385, EngineNetVer: 14, GameNetVer: 0 (Checksum: 675402151)
[2020.12.05-04.11.58:258][  0]LogAISub: UAISubsystem::UAISubsystem AISubsystem (000001B65A33DF80), frame # 0
[2020.12.05-04.11.58:259][  0]LogAISub: UAISubsystem::UAISubsystem AIPerceptionSystem (000001B65A1DA840), frame # 0
[2020.12.05-04.11.58:334][  0]LogAISub: UAISubsystem::UAISubsystem EnvQueryManager (000001B65A225E00), frame # 0
[2020.12.05-04.11.59:613][  0]LogPackageLocalizationCache: Processed 21 localized package path(s) for 1 prioritized culture(s) in 0.531374 seconds
[2020.12.05-04.11.59:637][  0]LogUObjectArray: 15917 objects as part of root set at end of initial load.
[2020.12.05-04.11.59:673][  0]LogUObjectAllocator: 3965568 out of 0 bytes used by permanent object pool.
[2020.12.05-04.11.59:673][  0]LogUObjectArray: CloseDisregardForGC: 0/0 objects in disregard for GC pool
[2020.12.05-04.12.21:139][  0]LogPython: Using Python 2.7.14
[2020.12.05-04.12.42:268][  0]LogTcpMessaging: Initializing TcpMessaging bridge
[2020.12.05-04.12.42:585][  0]LogUdpMessaging: Initializing bridge on interface 0.0.0.0:0 to multicast group 230.0.0.1:6666.
[2020.12.05-04.13.00:171][  0]LogLinker: Warning: Failed to load '/Game/InventorySystem/Documentation/InventorySystem_TUT_Intro': Can't find file.
[2020.12.05-04.13.00:277][  0]LogLinker: Warning: Failed to load '/Game/InventorySystem/Documentation/InventorySystem_TUT_Intro': Can't find file.
[2020.12.05-04.13.00:277][  0]LogUObjectGlobals: Warning: Failed to find object 'Class /Game/InventorySystem/Documentation/InventorySystem_TUT_Intro.InventorySystem_TUT_Intro_C'
[2020.12.05-04.13.02:726][  0]SourceControl: Source control is disabled
[2020.12.05-04.13.02:737][  0]SourceControl: Source control is disabled
[2020.12.05-04.13.03:421][  0]SourceControl: Source control is disabled
[2020.12.05-04.13.03:698][  0]SourceControl: Source control is disabled
[2020.12.05-04.13.04:028][  0]SourceControl: Source control is disabled
[2020.12.05-04.13.34:088][  0]LogAndroidPermission: UAndroidPermissionCallbackProxy::GetInstance
[2020.12.05-04.13.36:297][  0]LogAudioCaptureCore: Display: No Audio Capture implementations found. Audio input will be silent.
[2020.12.05-04.13.36:297][  0]LogAudioCaptureCore: Display: No Audio Capture implementations found. Audio input will be silent.
[2020.12.05-04.13.49:220][  0]LogOcInput: OculusInput pre-init called
[2020.12.05-04.13.52:102][  0]LogWindows: Failed to load 'OVRPlugin.dll' (GetLastError=126)
[2020.12.05-04.13.52:102][  0]LogWindows: File 'OVRPlugin.dll' does not exist
[2020.12.05-04.14.06:642][  0]LogAutomationTest: Warning: Smoke tests took > 2s to run: 4.55s
[2020.12.05-04.14.06:909][  0]LogEngine: Initializing Engine...
[2020.12.05-04.14.07:175][  0]LogHMD: Failed to initialize OpenVR with code 110
[2020.12.05-04.14.07:206][  0]LogMagicLeap: Warning: VR disabled because ZI is not enabled.  To enable, in the editor, Edit -> Project Settings -> Plugins -> Magic Leap Plugin -> Enable Zero Iteration
[2020.12.05-04.14.07:317][  0]LogStats: UGameplayTagsManager::InitializeManager -  0.003 s
[2020.12.05-04.14.07:854][  0]LogInit: Initializing FReadOnlyCVARCache
[2020.12.05-04.14.14:938][  0]LogAIModule: Creating AISystem for world Untitled
[2020.12.05-04.14.14:938][  0]LogAISub: UAISubsystem::UAISubsystem EnvQueryManager (000001B66BD5FC00), frame # 0
[2020.12.05-04.14.14:958][  0]LogAISub: UAISubsystem::UAISubsystem AIPerceptionSystem (000001B66BDDD6C0), frame # 0
[2020.12.05-04.14.16:397][  0]LogAudioMixer: Display: Audio Mixer Platform Settings:
[2020.12.05-04.14.16:397][  0]LogAudioMixer: Display: 	Sample Rate:						  48000
[2020.12.05-04.14.16:397][  0]LogAudioMixer: Display: 	Callback Buffer Frame Size Requested: 1024
[2020.12.05-04.14.16:397][  0]LogAudioMixer: Display: 	Callback Buffer Frame Size To Use:	  1024
[2020.12.05-04.14.16:397][  0]LogAudioMixer: Display: 	Number of buffers to queue:			  2
[2020.12.05-04.14.16:398][  0]LogAudioMixer: Display: 	Max Channels (voices):				  32
[2020.12.05-04.14.16:398][  0]LogAudioMixer: Display: 	Number of Async Source Workers:		  0
[2020.12.05-04.14.16:398][  0]LogAudio: Display: AudioDevice MaxSources: 32
[2020.12.05-04.14.16:480][  0]LogAudio: Display: Using built-in audio occlusion.
[2020.12.05-04.14.16:480][  0]LogAudioMixer: Display: Initializing audio mixer.
[2020.12.05-04.14.17:085][  0]LogAudioMixer: Display: 0: FrontLeft
[2020.12.05-04.14.17:085][  0]LogAudioMixer: Display: 1: FrontRight
[2020.12.05-04.14.17:085][  0]LogAudioMixer: Display: 2: FrontCenter
[2020.12.05-04.14.17:085][  0]LogAudioMixer: Display: 3: LowFrequency
[2020.12.05-04.14.17:085][  0]LogAudioMixer: Display: 4: BackLeft
[2020.12.05-04.14.17:085][  0]LogAudioMixer: Display: 5: BackRight
[2020.12.05-04.14.17:085][  0]LogAudioMixer: Display: 6: SideLeft
[2020.12.05-04.14.17:085][  0]LogAudioMixer: Display: 7: SideRight
[2020.12.05-04.14.17:345][  0]LogAudioMixer: Display: Using Audio Device Altavoces (Realtek High Definition Audio)
[2020.12.05-04.14.17:407][  0]LogAudioMixer: Display: Initializing Sound Submixes...
[2020.12.05-04.14.17:412][  0]LogAudioMixer: Display: Creating Master Submix 'MasterSubmixDefault'
[2020.12.05-04.14.17:423][  0]LogAudioMixer: Display: Creating Master Submix 'MasterReverbSubmixDefault'
[2020.12.05-04.14.17:496][  0]LogAudioMixer: Display: Creating Master Submix 'MasterEQSubmixDefault'
[2020.12.05-04.14.17:499][  0]LogInit: FAudioDevice initialized.
[2020.12.05-04.14.17:529][  0]LogNetVersion: Set ProjectVersion to 1.0.0.0. Version Checksum will be recalculated on next use.
[2020.12.05-04.14.18:500][  0]LogDerivedDataCache: Saved boot cache 0.97s 79MB C:/Users/Particular/AppData/Local/UnrealEngine/4.25/DerivedDataCache/Boot.ddc.
[2020.12.05-04.14.18:564][  0]LogInit: Texture streaming: Enabled
[2020.12.05-04.14.20:703][  0]LogEngineSessionManager: EngineSessionManager initialized
[2020.12.05-04.14.20:703][  0]LogEditorSessionSummary: Verbose: Initializing EditorSessionSummaryWriter for editor session tracking
[2020.12.05-04.14.21:339][  0]LogEditorSessionSummary: EditorSessionSummaryWriter initialized
[2020.12.05-04.14.23:575][  0]LogInit: Transaction tracking system initialized
[2020.12.05-04.14.26:312][  0]BlueprintLog: New page: Editor Load
[2020.12.05-04.14.32:450][  0]LocalizationService: Localization service is disabled
[2020.12.05-04.14.45:291][  0]LogFileCache: Scanning file cache for directory 'C:/Users/Particular/Documents/Unreal Projects/Rewind/Content/' took 0.04s
[2020.12.05-04.14.45:291][  0]LogCook: Display: Max memory allowance for cook 16384mb min free memory 0mb
[2020.12.05-04.14.45:317][  0]LogCook: Display: Mobile HDR setting 1
[2020.12.05-04.14.56:628][  0]SourceControl: Source control is disabled
[2020.12.05-04.14.56:647][  0]LogUnrealEdMisc: Loading editor; pre map load, took 732.151
[2020.12.05-04.14.56:904][  0]Cmd: MAP LOAD FILE="../../../../../../Users/Particular/Documents/Unreal Projects/Rewind/Content/ThirdPersonCPP/Maps/ThirdPersonExampleMap.umap" TEMPLATE=0 SHOWPROGRESS=1 FEATURELEVEL=3
[2020.12.05-04.14.56:939][  0]LightingResults: New page: Lighting Build
[2020.12.05-04.14.57:826][  0]LogAudioMixer: Display: Audio Buffer Underrun detected.
[2020.12.05-04.14.57:826][  0]LogWorld: UWorld::CleanupWorld for Untitled, bSessionEnded=true, bCleanupResources=true
[2020.12.05-04.14.57:971][  0]LogSlate: InvalidateAllWidgets triggered.  All widgets were invalidated
[2020.12.05-04.14.58:266][  0]MapCheck: New page: Map Check
[2020.12.05-04.14.58:266][  0]LightingResults: New page: Lighting Build
[2020.12.05-04.15.01:402][  0]LogAISub: UAISubsystem::~UAISubsystem EnvQueryManager (000001B66BD5FC00), frame # 0
[2020.12.05-04.15.01:428][  0]LogAISub: UAISubsystem::~UAISubsystem AIPerceptionSystem (000001B66BDDD6C0), frame # 0
[2020.12.05-04.15.01:762][  0]LogUObjectHash: Compacting FUObjectHashTables data took   1.77ms
[2020.12.05-04.15.06:336][  0]LogAIModule: Creating AISystem for world ThirdPersonExampleMap
[2020.12.05-04.15.06:336][  0]LogAISub: UAISubsystem::UAISubsystem EnvQueryManager (000001B652B7BE00), frame # 0
[2020.12.05-04.15.06:336][  0]LogAISub: UAISubsystem::UAISubsystem AIPerceptionSystem (000001B666C8DA80), frame # 0
[2020.12.05-04.15.08:388][  0]LogEditorServer: Finished looking for orphan Actors (0.000 secs)
[2020.12.05-04.15.08:728][  0]LogUObjectHash: Compacting FUObjectHashTables data took   2.25ms
[2020.12.05-04.15.08:737][  0]Cmd: MAP CHECKDEP NOCLEARLOG
[2020.12.05-04.15.08:766][  0]MapCheck: Map check complete: 0 Error(s), 0 Warning(s), took 9.981ms to complete.
[2020.12.05-04.15.08:766][  0]LogFileHelpers: Loading map 'ThirdPersonExampleMap' took 12.055
[2020.12.05-04.15.12:243][  0]LogUnrealEdMisc: Total Editor Startup Time, took 747.746
[2020.12.05-04.15.14:586][  0]LogSlate: Updating window title bar state: overlay mode, drag disabled, window buttons hidden, title bar hidden
[2020.12.05-04.15.14:638][  0]LogSlate: Updating window title bar state: overlay mode, drag disabled, window buttons hidden, title bar hidden
[2020.12.05-04.15.14:651][  0]LogSlate: Updating window title bar state: overlay mode, drag disabled, window buttons hidden, title bar hidden
[2020.12.05-04.15.14:665][  0]LogSlate: Updating window title bar state: overlay mode, drag disabled, window buttons hidden, title bar hidden
[2020.12.05-04.15.15:086][  0]LogCollectionManager: Loaded 0 collections in 0.101754 seconds
[2020.12.05-04.15.15:707][  0]LogFileCache: Scanning file cache for directory 'C:/Users/Particular/Documents/Unreal Projects/Rewind/Saved/Collections/' took 0.00s
[2020.12.05-04.15.15:707][  0]LogFileCache: Scanning file cache for directory 'C:/Users/Particular/Documents/Unreal Projects/Rewind/Content/Developers/Particular/Collections/' took 0.00s
[2020.12.05-04.15.15:707][  0]LogFileCache: Scanning file cache for directory 'C:/Users/Particular/Documents/Unreal Projects/Rewind/Content/Collections/' took 0.00s
[2020.12.05-04.15.15:707][  0]LogContentBrowser: Native class hierarchy populated in 0.0610 seconds. Added 3448 classes and 830 folders.
[2020.12.05-04.15.15:968][  0]LogContentBrowser: Native class hierarchy updated for 'WidgetCarousel' in 0.0007 seconds. Added 0 classes and 0 folders.
[2020.12.05-04.15.18:984][  0]LogContentBrowser: Native class hierarchy updated for 'AddContentDialog' in 0.0011 seconds. Added 0 classes and 0 folders.
[2020.12.05-04.15.19:101][  0]LogContentBrowser: Native class hierarchy updated for 'SceneOutliner' in 0.0008 seconds. Added 2 classes and 0 folders.
[2020.12.05-04.15.21:288][  0]LogSlate: Took 0.167836 seconds to synchronously load lazily loaded font '../../../Engine/Content/Slate/Fonts/Roboto-Regular.ttf' (155K)
[2020.12.05-04.15.21:614][  0]LogSlate: Took 0.113784 seconds to synchronously load lazily loaded font '../../../Engine/Content/Slate/Fonts/Roboto-Bold.ttf' (160K)
[2020.12.05-04.15.21:836][  0]LogSlate: Took 0.062383 seconds to synchronously load lazily loaded font '../../../Engine/Content/Editor/Slate/Fonts/FontAwesome.ttf' (139K)
[2020.12.05-04.15.23:686][  0]LogRenderer: Reallocating scene render targets to support 1076x652 Format 10 NumSamples 1 (Frame:1).
[2020.12.05-04.15.26:885][  0]LogContentBrowser: Native class hierarchy updated for 'HierarchicalLODOutliner' in 0.0007 seconds. Added 0 classes and 0 folders.
[2020.12.05-04.15.26:885][  0]LogLoad: (Engine Initialization) Total time: 762.39 seconds
[2020.12.05-04.15.26:885][  0]LogLoad: (Engine Initialization) Total Blueprint compile time: 0.00 seconds
[2020.12.05-04.15.27:717][  0]LogContentStreaming: Texture pool size now 1000 MB
[2020.12.05-04.15.28:253][  0]LogSlate: Took 0.036670 seconds to synchronously load lazily loaded font '../../../Engine/Content/Slate/Fonts/Roboto-Light.ttf' (167K)
[2020.12.05-04.15.29:596][  2]LogAssetRegistry: Asset discovery search completed in 284.0114 seconds
[2020.12.05-04.15.29:724][  2]LogCollectionManager: Fixed up redirectors for 0 collections in 0.005220 seconds (updated 0 objects)
[2020.12.05-04.15.30:607][  6]LogAudioMixer: Display: Audio Buffer Underrun detected.
[2020.12.05-04.18.40:099][879]LogEditorViewport: Clicking on Actor (LMB): StaticMeshActor (Wall8)
[2020.12.05-04.18.42:682][ 51]Cmd: DELETE
[2020.12.05-04.18.42:682][ 51]Cmd: ACTOR DELETE
[2020.12.05-04.18.43:602][ 51]LogEditorActor: Deleted Actor: StaticMeshActor
[2020.12.05-04.18.43:792][ 51]LogUObjectHash: Compacting FUObjectHashTables data took   1.22ms
[2020.12.05-04.18.43:841][ 51]LogEditorActor: Deleted 1 Actors (0.562 secs)
[2020.12.05-04.18.43:844][ 51]LogEditorViewport: Clicking on Actor (LMB): StaticMeshActor (Wall7)
[2020.12.05-04.18.45:099][184]Cmd: DELETE
[2020.12.05-04.18.45:099][184]Cmd: ACTOR DELETE
[2020.12.05-04.18.45:104][184]LogEditorActor: Deleted Actor: StaticMeshActor
[2020.12.05-04.18.45:159][184]LogUObjectHash: Compacting FUObjectHashTables data took   0.63ms
[2020.12.05-04.18.45:162][184]LogEditorActor: Deleted 1 Actors (0.063 secs)
[2020.12.05-04.18.45:627][238]LogEditorViewport: Clicking on Actor (LMB): StaticMeshActor (Wall9)
[2020.12.05-04.18.45:737][244]Cmd: DELETE
[2020.12.05-04.18.45:737][244]Cmd: ACTOR DELETE
[2020.12.05-04.18.45:739][244]LogEditorActor: Deleted Actor: StaticMeshActor
[2020.12.05-04.18.45:792][244]LogUObjectHash: Compacting FUObjectHashTables data took   0.94ms
[2020.12.05-04.18.45:795][244]LogEditorActor: Deleted 1 Actors (0.059 secs)
[2020.12.05-04.18.46:273][299]LogEditorViewport: Clicking on Actor (LMB): StaticMeshActor (Wall6)
[2020.12.05-04.18.46:380][305]Cmd: DELETE
[2020.12.05-04.18.46:380][305]Cmd: ACTOR DELETE
[2020.12.05-04.18.46:382][305]LogEditorActor: Deleted Actor: StaticMeshActor
[2020.12.05-04.18.46:439][305]LogUObjectHash: Compacting FUObjectHashTables data took   0.74ms
[2020.12.05-04.18.46:442][305]LogEditorActor: Deleted 1 Actors (0.062 secs)
[2020.12.05-04.18.48:664][569]LogEditorViewport: Clicking on Actor (LMB): StaticMeshActor (RightArm_StaticMesh)
[2020.12.05-04.18.48:745][572]Cmd: DELETE
[2020.12.05-04.18.48:745][572]Cmd: ACTOR DELETE
[2020.12.05-04.18.48:748][572]LogEditorActor: Deleted Actor: StaticMeshActor
[2020.12.05-04.18.48:790][572]LogUObjectHash: Compacting FUObjectHashTables data took   0.60ms
[2020.12.05-04.18.48:793][572]LogEditorActor: Deleted 1 Actors (0.048 secs)
[2020.12.05-04.18.49:184][617]LogEditorViewport: Clicking on Actor (LMB): StaticMeshActor (Bump_StaticMesh)
[2020.12.05-04.18.49:267][619]Cmd: DELETE
[2020.12.05-04.18.49:267][619]Cmd: ACTOR DELETE
[2020.12.05-04.18.49:270][619]LogEditorActor: Deleted Actor: StaticMeshActor
[2020.12.05-04.18.49:326][619]LogUObjectHash: Compacting FUObjectHashTables data took   0.62ms
[2020.12.05-04.18.49:329][619]LogEditorActor: Deleted 1 Actors (0.062 secs)
[2020.12.05-04.18.49:665][657]LogEditorViewport: Clicking on Actor (LMB): StaticMeshActor (LeftArm_StaticMesh)
[2020.12.05-04.18.49:749][659]Cmd: DELETE
[2020.12.05-04.18.49:749][659]Cmd: ACTOR DELETE
[2020.12.05-04.18.49:752][659]LogEditorActor: Deleted Actor: StaticMeshActor
[2020.12.05-04.18.49:809][659]LogUObjectHash: Compacting FUObjectHashTables data took   0.70ms
[2020.12.05-04.18.49:813][659]LogEditorActor: Deleted 1 Actors (0.064 secs)
[2020.12.05-04.18.50:126][693]LogEditorViewport: Clicking on Actor (LMB): StaticMeshActor (Ramp_StaticMesh)
[2020.12.05-04.18.50:322][706]Cmd: DELETE
[2020.12.05-04.18.50:322][706]Cmd: ACTOR DELETE
[2020.12.05-04.18.50:324][706]LogEditorActor: Deleted Actor: StaticMeshActor
[2020.12.05-04.18.50:375][706]LogUObjectHash: Compacting FUObjectHashTables data took   1.06ms
[2020.12.05-04.18.50:379][706]LogEditorActor: Deleted 1 Actors (0.058 secs)
[2020.12.05-04.18.50:713][740]LogEditorViewport: Clicking on Actor (LMB): StaticMeshActor (1M_Cube_Chamfer)
[2020.12.05-04.18.50:841][745]Cmd: DELETE
[2020.12.05-04.18.50:841][745]Cmd: ACTOR DELETE
[2020.12.05-04.18.50:845][745]LogEditorActor: Deleted Actor: StaticMeshActor
[2020.12.05-04.18.50:902][745]LogUObjectHash: Compacting FUObjectHashTables data took   0.81ms
[2020.12.05-04.18.50:905][745]LogEditorActor: Deleted 1 Actors (0.063 secs)
[2020.12.05-04.18.51:302][785]LogEditorViewport: Clicking on Actor (LMB): StaticMeshActor (Linear_Stair_StaticMesh)
[2020.12.05-04.18.51:425][791]Cmd: DELETE
[2020.12.05-04.18.51:425][791]Cmd: ACTOR DELETE
[2020.12.05-04.18.51:428][791]LogEditorActor: Deleted Actor: StaticMeshActor
[2020.12.05-04.18.51:478][791]LogUObjectHash: Compacting FUObjectHashTables data took   0.70ms
[2020.12.05-04.18.51:481][791]LogEditorActor: Deleted 1 Actors (0.056 secs)
[2020.12.05-04.21.50:060][321]LogEditorViewport: Clicking on Actor (LMB): StaticMeshActor (Floor)
[2020.12.05-04.22.03:851][476]LogTexture: Display: Building textures: Texture2D_2 (G8, 128X128)
[2020.12.05-04.22.05:077][476]LogSlate: Took 0.066079 seconds to synchronously load lazily loaded font '../../../Engine/Content/Slate/Fonts/Roboto-Italic.ttf' (157K)
[2020.12.05-04.22.14:970][289]LogSlate: Took 0.013883 seconds to synchronously load lazily loaded font '../../../Engine/Content/Slate/Fonts/Roboto-Light.ttf' (167K)
[2020.12.05-04.22.15:313][289]LogTexture: Display: Building textures: Texture2D_0 (BGRA8, 512X512)
[2020.12.05-04.22.15:754][289]LogSlate: WidgetSwitcher ('None') active index changed to 1
[2020.12.05-04.22.30:074][628]LogEditorViewport: Clicking on Actor (LMB): StaticMeshActor (Floor)
[2020.12.05-04.22.31:117][690]Cmd: DELETE
[2020.12.05-04.22.31:117][690]Cmd: ACTOR DELETE
[2020.12.05-04.22.31:123][690]LogEditorActor: Deleted Actor: StaticMeshActor
[2020.12.05-04.22.31:218][690]LogUObjectHash: Compacting FUObjectHashTables data took   1.44ms
[2020.12.05-04.22.31:225][690]LogEditorActor: Deleted 1 Actors (0.107 secs)
[2020.12.05-04.22.32:015][739]LogEditorViewport: Clicking on Actor (LMB): ThirdPersonCharacter_C (ThirdPersonCharacter)
[2020.12.05-04.22.36:891][850]LogEditorViewport: Clicking on Actor (LMB): PostProcessVolume (PostProcessVolume)
[2020.12.05-04.22.38:332][929]Cmd: DELETE
[2020.12.05-04.22.38:332][929]Cmd: ACTOR DELETE
[2020.12.05-04.22.38:337][929]LogEditorActor: Deleted Actor: PostProcessVolume
[2020.12.05-04.22.38:428][929]LogUObjectHash: Compacting FUObjectHashTables data took   0.65ms
[2020.12.05-04.22.38:433][929]LogEditorActor: Deleted 1 Actors (0.100 secs)
[2020.12.05-04.22.39:650][ 18]LogEditorViewport: Clicking on Actor (LMB): LightmassImportanceVolume (LightmassImportanceVolume)
[2020.12.05-04.22.40:047][ 42]Cmd: DELETE
[2020.12.05-04.22.40:047][ 42]Cmd: ACTOR DELETE
[2020.12.05-04.22.40:051][ 42]LogEditorActor: Deleted Actor: LightmassImportanceVolume
[2020.12.05-04.22.40:113][ 42]LogUObjectHash: Compacting FUObjectHashTables data took   1.40ms
[2020.12.05-04.22.40:116][ 42]LogEditorActor: Deleted 1 Actors (0.069 secs)
[2020.12.05-04.22.46:175][430]Cmd: DELETE
[2020.12.05-04.22.46:175][430]Cmd: ACTOR DELETE
[2020.12.05-04.22.46:226][430]LogUObjectHash: Compacting FUObjectHashTables data took   0.77ms
[2020.12.05-04.22.46:228][430]LogEditorActor: Deleted 0 Actors (0.053 secs)
[2020.12.05-04.22.49:479][661]Cmd: DELETE
[2020.12.05-04.22.49:479][661]Cmd: ACTOR DELETE
[2020.12.05-04.22.49:527][661]LogUObjectHash: Compacting FUObjectHashTables data took   0.93ms
[2020.12.05-04.22.49:530][661]LogEditorActor: Deleted 0 Actors (0.051 secs)
[2020.12.05-04.22.50:985][775]Cmd: DELETE
[2020.12.05-04.22.50:985][775]Cmd: ACTOR DELETE
[2020.12.05-04.22.51:034][775]LogUObjectHash: Compacting FUObjectHashTables data took   0.81ms
[2020.12.05-04.22.51:037][775]LogEditorActor: Deleted 0 Actors (0.052 secs)
[2020.12.05-04.24.15:501][939]LogEditorViewport: Clicking on Actor (LMB): BP_Sky_Sphere_C (SkySphereBlueprint)
[2020.12.05-04.24.16:725][  0]LogEditorViewport: Clicking on Actor (LMB): BP_Sky_Sphere_C (SkySphereBlueprint)
[2020.12.05-04.25.30:635][238]LogUObjectHash: Compacting FUObjectHashTables data took   1.35ms
[2020.12.05-04.25.33:043][238]LogSavePackage: Moving '../../../../../../Users/Particular/Documents/Unreal Projects/Rewind/Saved/ThirdPersonExampleMap_Auto12942EEEE463614D61F7F85B774318A84.tmp' to '../../../../../../Users/Particular/Documents/Unreal Projects/Rewind/Saved/Autosaves/Game/ThirdPersonCPP/Maps/ThirdPersonExampleMap_Auto1.umap'
[2020.12.05-04.25.33:298][238]LogFileHelpers: Editor autosave (incl. sublevels) for '/Game/ThirdPersonCPP/Maps/ThirdPersonExampleMap' took 2.788
[2020.12.05-04.25.33:298][238]LogFileHelpers: Editor autosave (incl. sublevels) for all levels took 2.788
[2020.12.05-04.28.15:793][720]LogAudioMixer: Warning: Changing default audio render device to new device: {0.0.0.00000000}.{5e3e0834-86f1-437b-82de-1050d4dcd07c}.
[2020.12.05-04.28.15:793][720]LogTemp: Resetting audio stream to device id 
[2020.12.05-04.28.16:188][720]LogAudioMixer: Display: 0: FrontLeft
[2020.12.05-04.28.16:188][720]LogAudioMixer: Display: 1: FrontRight
[2020.12.05-04.28.16:188][720]LogAudioMixer: Display: 2: FrontCenter
[2020.12.05-04.28.16:188][720]LogAudioMixer: Display: 3: LowFrequency
[2020.12.05-04.28.16:188][720]LogAudioMixer: Display: 4: BackLeft
[2020.12.05-04.28.16:188][720]LogAudioMixer: Display: 5: BackRight
[2020.12.05-04.28.16:188][720]LogAudioMixer: Display: 6: SideLeft
[2020.12.05-04.28.16:188][720]LogAudioMixer: Display: 7: SideRight
[2020.12.05-04.28.16:740][723]LogAudioMixer: Display: Audio Buffer Underrun detected.
[2020.12.05-04.28.24:811][746]LogAudioMixer: Warning: Changing default audio render device to new device: {0.0.0.00000000}.{3f8dbbf5-a916-4367-a708-47ee401a4746}.
[2020.12.05-04.28.24:811][746]LogTemp: Resetting audio stream to device id 
[2020.12.05-04.28.24:949][746]LogAudioMixer: Display: 0: FrontLeft
[2020.12.05-04.28.24:949][746]LogAudioMixer: Display: 1: FrontRight
[2020.12.05-04.28.24:949][746]LogAudioMixer: Display: 2: FrontCenter
[2020.12.05-04.28.24:949][746]LogAudioMixer: Display: 3: LowFrequency
[2020.12.05-04.28.24:949][746]LogAudioMixer: Display: 4: BackLeft
[2020.12.05-04.28.24:949][746]LogAudioMixer: Display: 5: BackRight
[2020.12.05-04.28.24:949][746]LogAudioMixer: Display: 6: SideLeft
[2020.12.05-04.28.24:949][746]LogAudioMixer: Display: 7: SideRight
[2020.12.05-04.31.30:252][294]LogAudioMixer: Warning: Audio device removed, falling back to other windows default device.
[2020.12.05-04.31.30:252][294]LogAudioMixer: Warning: Audio device removed, falling back to other windows default device.
[2020.12.05-04.31.30:252][294]LogTemp: Resetting audio stream to device id 
[2020.12.05-04.31.30:293][294]LogAudioMixer: Display: 0: FrontLeft
[2020.12.05-04.31.30:293][294]LogAudioMixer: Display: 1: FrontRight
[2020.12.05-04.35.33:932][ 16]LogUObjectHash: Compacting FUObjectHashTables data took   1.19ms
[2020.12.05-04.35.33:938][ 16]LogFileHelpers: Editor autosave (incl. sublevels) for '/Game/ThirdPersonCPP/Maps/ThirdPersonExampleMap' took 0.035
[2020.12.05-04.42.30:633][370]LogAudioMixer: Display: Audio Buffer Underrun detected.
[2020.12.05-04.42.59:276][564]LogAudioMixer: Display: Audio Buffer Underrun detected.
[2020.12.05-04.43.53:585][723]LogAudioMixer: Display: Audio Buffer Underrun detected.
[2020.12.05-04.44.25:551][815]LogAudioMixer: Display: Audio Buffer Underrun detected.
[2020.12.05-04.44.38:789][853]LogAudioMixer: Display: Audio Buffer Underrun detected.
[2020.12.05-04.44.42:626][864]LogAudioMixer: Display: Audio Buffer Underrun detected.
[2020.12.05-04.45.16:913][966]LogAudioMixer: Display: Audio Buffer Underrun detected.
[2020.12.05-04.45.31:318][  9]LogAudioMixer: Display: Audio Buffer Underrun detected.
[2020.12.05-04.45.34:437][ 17]LogUObjectHash: Compacting FUObjectHashTables data took   0.86ms
[2020.12.05-04.45.34:442][ 17]LogFileHelpers: Editor autosave (incl. sublevels) for '/Game/ThirdPersonCPP/Maps/ThirdPersonExampleMap' took 0.040
[2020.12.05-04.46.16:183][136]LogAudioMixer: Display: Audio Buffer Underrun detected.
[2020.12.05-04.46.51:777][224]LogAudioMixer: Display: Audio Buffer Underrun detected.
[2020.12.05-04.47.01:560][246]LogAudioMixer: Display: Audio Buffer Underrun detected.
[2020.12.05-04.47.30:862][330]LogAudioMixer: Display: Audio Buffer Underrun detected.
[2020.12.05-04.47.39:301][355]LogAudioMixer: Display: Audio Buffer Underrun detected.
[2020.12.05-04.47.39:974][357]LogAudioMixer: Display: Audio Buffer Underrun detected.
[2020.12.05-04.48.04:983][415]LogAudioMixer: Display: Audio Buffer Underrun detected.
[2020.12.05-04.48.26:139][471]LogAudioMixer: Display: Audio Buffer Underrun detected.
[2020.12.05-04.49.07:949][583]LogAudioMixer: Display: Audio Buffer Underrun detected.
